Build started 2015/12/24 13:27:23.
     1>Project "C:\Users\admin\Documents\Visual Studio 2013\Projects\STModel\STModel\STModel.vcxproj" on node 2 (Build target(s)).
     1>ClCompile:
         C:\Program Files (x86)\Microsoft Visual Studio 12.0\VC\bin\CL.exe /c /ZI /nologo /W3 /WX- /Od /Oy- /D WIN32 /D _DEBUG /D _CONSOLE /D _LIB /D _UNICODE /D UNICODE /Gm /EHsc /RTC1 /MDd /GS /fp:precise /Zc:wchar_t /Zc:forScope /Fo"Debug\\" /Fd"Debug\vc120.pdb" /Gd /TP /analyze- /errorReport:prompt overlap.cpp
         overlap.cpp
     1>c:\opencv\build\include\opencv2\core\mat.hpp(1965): warning C4819: The file contains a character that cannot be represented in the current code page (936). Save the file in Unicode format to prevent data loss
     1>c:\opencv\build\include\opencv2\core\persistence.hpp : warning C4819: The file contains a character that cannot be represented in the current code page (936). Save the file in Unicode format to prevent data loss
     1>c:\opencv\build\include\opencv2\core\utility.hpp : warning C4819: The file contains a character that cannot be represented in the current code page (936). Save the file in Unicode format to prevent data loss
     1>c:\users\admin\documents\visual studio 2013\projects\stmodel\stmodel\overlap.cpp(100): warning C4018: '<' : signed/unsigned mismatch
     1>c:\users\admin\documents\visual studio 2013\projects\stmodel\stmodel\overlap.cpp(136): warning C4018: '<' : signed/unsigned mismatch
     1>c:\users\admin\documents\visual studio 2013\projects\stmodel\stmodel\overlap.cpp(145): warning C4018: '<' : signed/unsigned mismatch
     1>c:\users\admin\documents\visual studio 2013\projects\stmodel\stmodel\overlap.cpp(147): warning C4018: '<' : signed/unsigned mismatch
     1>c:\users\admin\documents\visual studio 2013\projects\stmodel\stmodel\overlap.cpp(168): warning C4018: '<' : signed/unsigned mismatch
     1>c:\users\admin\documents\visual studio 2013\projects\stmodel\stmodel\overlap.cpp(171): warning C4018: '<' : signed/unsigned mismatch
     1>c:\users\admin\documents\visual studio 2013\projects\stmodel\stmodel\overlap.cpp(187): warning C4018: '<' : signed/unsigned mismatch
     1>c:\users\admin\documents\visual studio 2013\projects\stmodel\stmodel\overlap.cpp(197): warning C4018: '<' : signed/unsigned mismatch
     1>c:\users\admin\documents\visual studio 2013\projects\stmodel\stmodel\overlap.cpp(234): warning C4018: '<' : signed/unsigned mismatch
     1>c:\users\admin\documents\visual studio 2013\projects\stmodel\stmodel\overlap.cpp(252): warning C4018: '<' : signed/unsigned mismatch
       Link:
         C:\Program Files (x86)\Microsoft Visual Studio 12.0\VC\bin\link.exe /ERRORREPORT:PROMPT /OUT:"C:\Users\admin\Documents\Visual Studio 2013\Projects\STModel\Debug\STModel.exe" /INCREMENTAL /NOLOGO opencv_ts300d.lib opencv_world300d.lib kernel32.lib user32.lib gdi32.lib winspool.lib comdlg32.lib advapi32.lib shell32.lib ole32.lib oleaut32.lib uuid.lib odbc32.lib odbccp32.lib /MANIFEST /MANIFESTUAC:"level='asInvoker' uiAccess='false'" /manifest:embed /DEBUG /PDB:"C:\Users\admin\Documents\Visual Studio 2013\Projects\STModel\Debug\STModel.pdb" /SUBSYSTEM:CONSOLE /TLBID:1 /DYNAMICBASE /NXCOMPAT /IMPLIB:"C:\Users\admin\Documents\Visual Studio 2013\Projects\STModel\Debug\STModel.lib" /MACHINE:X86 Debug\gauseModel.obj
         Debug\main.obj
         Debug\overlap.obj
         Debug\pointsMatch.obj
         Debug\warp.obj
         STModel.vcxproj -> C:\Users\admin\Documents\Visual Studio 2013\Projects\STModel\Debug\STModel.exe
     1>Done Building Project "C:\Users\admin\Documents\Visual Studio 2013\Projects\STModel\STModel\STModel.vcxproj" (Build target(s)).

Build succeeded.

Time Elapsed 00:00:00.95
